2020/10/13 19:15:19 ERROR [http-nio-8800-exec-9] com.wteam.exception.handler.GlobalExceptionHandler [GlobalExceptionHandler.java:170] org.springframework.web.bind.MethodArgumentNotValidException: Validation failed for argument [0] in public com.wteam.domain.vo.R com.wteam.modules.library.web.OrderController.order(com.wteam.modules.library.domain.vo.OrderRecordVO): [Field error in object 'orderRecordVO' on field 'seatIdList': rejected value [[]]; codes [NotEmpty.orderRecordVO.seatIdList,NotEmpty.seatIdList,NotEmpty.java.util.List,NotEmpty]; arguments [org.springframework.context.support.DefaultMessageSourceResolvable: codes [orderRecordVO.seatIdList,seatIdList]; arguments []; default message [seatIdList]]; default message [不能为空]] 
	at org.springframework.web.servlet.mvc.method.annotation.RequestResponseBodyMethodProcessor.resolveArgument(RequestResponseBodyMethodProcessor.java:139)
	at org.springframework.web.method.support.HandlerMethodArgumentResolverComposite.resolveArgument(HandlerMethodArgumentResolverComposite.java:121)
	at org.springframework.web.method.support.InvocableHandlerMethod.getMethodArgumentValues(InvocableHandlerMethod.java:167)

2020/10/13 20:04:04 ERROR [http-nio-8800-exec-7] com.wteam.exception.handler.GlobalExceptionHandler [GlobalExceptionHandler.java:118] com.wteam.exception.BadRequestException: 该时间段 08:00 - 10:10已不可预约
	at com.wteam.modules.library.service.impl.OrderRecordServiceImpl.create(OrderRecordServiceImpl.java:112)
	at com.wteam.modules.library.service.impl.OrderRecordServiceImpl$$FastClassBySpringCGLIB$$e4d0c4a.invoke(<generated>)
	at org.springframework.cglib.proxy.MethodProxy.invoke(MethodProxy.java:218)

2020/10/13 20:37:04 ERROR [http-nio-8800-exec-4] com.wteam.exception.handler.GlobalExceptionHandler [GlobalExceptionHandler.java:170] org.springframework.web.bind.MethodArgumentNotValidException: Validation failed for argument [0] in public com.wteam.domain.vo.R com.wteam.modules.library.web.OrderController.order(com.wteam.modules.library.domain.vo.OrderRecordVO): [Field error in object 'orderRecordVO' on field 'date': rejected value [null]; codes [NotNull.orderRecordVO.date,NotNull.date,NotNull.java.time.LocalDate,NotNull]; arguments [org.springframework.context.support.DefaultMessageSourceResolvable: codes [orderRecordVO.date,date]; arguments []; default message [date]]; default message [不能为null]] 
	at org.springframework.web.servlet.mvc.method.annotation.RequestResponseBodyMethodProcessor.resolveArgument(RequestResponseBodyMethodProcessor.java:139)
	at org.springframework.web.method.support.HandlerMethodArgumentResolverComposite.resolveArgument(HandlerMethodArgumentResolverComposite.java:121)
	at org.springframework.web.method.support.InvocableHandlerMethod.getMethodArgumentValues(InvocableHandlerMethod.java:167)

2020/10/13 22:18:16 ERROR [http-nio-8800-exec-9] com.wteam.exception.handler.GlobalExceptionHandler [GlobalExceptionHandler.java:118] com.wteam.exception.BadRequestException: 没有该预约记录
	at com.wteam.modules.library.web.OrderController.cancel(OrderController.java:222)
	at com.wteam.modules.library.web.OrderController$$FastClassBySpringCGLIB$$800a016f.invoke(<generated>)
	at org.springframework.cglib.proxy.MethodProxy.invoke(MethodProxy.java:218)

2020/10/13 22:19:52 ERROR [http-nio-8800-exec-10] com.wteam.exception.handler.GlobalExceptionHandler [GlobalExceptionHandler.java:118] com.wteam.exception.BadRequestException: 没有该预约记录
	at com.wteam.modules.library.web.OrderController.cancel(OrderController.java:222)
	at com.wteam.modules.library.web.OrderController$$FastClassBySpringCGLIB$$800a016f.invoke(<generated>)
	at org.springframework.cglib.proxy.MethodProxy.invoke(MethodProxy.java:218)

2020/10/13 22:19:59 ERROR [http-nio-8800-exec-4] com.wteam.exception.handler.GlobalExceptionHandler [GlobalExceptionHandler.java:118] com.wteam.exception.BadRequestException: 没有该预约记录
	at com.wteam.modules.library.web.OrderController.cancel(OrderController.java:222)
	at com.wteam.modules.library.web.OrderController$$FastClassBySpringCGLIB$$800a016f.invoke(<generated>)
	at org.springframework.cglib.proxy.MethodProxy.invoke(MethodProxy.java:218)

