2020/10/11 09:13:47 INFO [restartedMain] c.w.AbootRun [StartupInfoLogger.java:55] Starting AbootRun on LAPTOP-6P4NQTEI with PID 10896 (C:\Users\lin\Desktop\图书馆预约项目\项目\aboot4\aboot-system\target\classes started by lin in C:\Users\lin\Desktop\图书馆预约项目\项目\aboot4)
2020/10/11 09:13:47 INFO [restartedMain] c.w.AbootRun [SpringApplication.java:655] The following profiles are active: dev
2020/10/11 09:14:19 INFO [restartedMain] c.w.u.PathUtil [PathUtil.java:54] 操作系统---Windows 10
2020/10/11 09:14:19 INFO [restartedMain] c.w.u.PathUtil [PathUtil.java:55] 线程根路径---/C:/Users/lin/Desktop/%e5%9b%be%e4%b9%a6%e9%a6%86%e9%a2%84%e7%ba%a6%e9%a1%b9%e7%9b%ae/%e9%a1%b9%e7%9b%ae/aboot4/aboot-system/target/classes/
2020/10/11 09:14:19 INFO [restartedMain] c.w.u.PathUtil [PathUtil.java:56] 项目目录路径---C:\Users\lin\Desktop\图书馆预约项目\项目\aboot4
2020/10/11 09:14:19 INFO [restartedMain] c.w.u.PathUtil [PathUtil.java:61] 资源存储路径---D:\projectdev\aboot4\
2020/10/11 09:14:22 INFO [restartedMain] c.w.c.RedisConfig [RedisConfig.java:122] 初始化 -> [Redis CacheErrorHandler]
2020/10/11 09:14:28 INFO [restartedMain] c.w.m.s.e.PermissionListener [PermissionListener.java:95] 设置权限: RULE:all------卡券管理
2020/10/11 09:14:28 INFO [restartedMain] c.w.m.s.e.PermissionListener [PermissionListener.java:95] 设置权限: RULE:add------卡券创建
2020/10/11 09:14:28 INFO [restartedMain] c.w.m.s.e.PermissionListener [PermissionListener.java:95] 设置权限: RULE:edit------卡券编辑
2020/10/11 09:14:28 INFO [restartedMain] c.w.m.s.e.PermissionListener [PermissionListener.java:95] 设置权限: RULE:list------卡券查询
2020/10/11 09:14:28 INFO [restartedMain] c.w.m.s.e.PermissionListener [PermissionListener.java:95] 设置权限: RULE:del------卡券删除
2020/10/11 09:14:29 INFO [restartedMain] c.w.m.s.e.PermissionListener [PermissionListener.java:95] 设置权限: RULE:all------预约规则管理
2020/10/11 09:14:29 INFO [restartedMain] c.w.m.s.e.PermissionListener [PermissionListener.java:95] 设置权限: RULE:add------预约规则创建
2020/10/11 09:14:29 INFO [restartedMain] c.w.m.s.e.PermissionListener [PermissionListener.java:95] 设置权限: RULE:edit------预约规则编辑
2020/10/11 09:14:29 INFO [restartedMain] c.w.m.s.e.PermissionListener [PermissionListener.java:95] 设置权限: RULE:list------预约规则查询
2020/10/11 09:14:29 INFO [restartedMain] c.w.m.s.e.PermissionListener [PermissionListener.java:95] 设置权限: RULE:del------预约规则删除
2020/10/11 09:14:29 INFO [restartedMain] c.w.AbootRun [StartupInfoLogger.java:61] Started AbootRun in 44.39 seconds (JVM running for 49.587)
2020/10/11 09:14:29 INFO [restartedMain] c.w.AbootRun [AbootRun.java:38] link(接口文档):  http://localhost:8800/doc.html
2020/10/11 09:14:29 INFO [restartedMain] c.w.AbootRun [AbootRun.java:39] link(api导出):   http://localhost:8800/v2/api-docs
2020/10/11 09:35:26 INFO [restartedMain] c.w.AbootRun [StartupInfoLogger.java:55] Starting AbootRun on LAPTOP-6P4NQTEI with PID 5056 (C:\Users\lin\Desktop\图书馆预约项目\项目\aboot4\aboot-system\target\classes started by lin in C:\Users\lin\Desktop\图书馆预约项目\项目\aboot4)
2020/10/11 09:35:26 INFO [restartedMain] c.w.AbootRun [SpringApplication.java:655] The following profiles are active: dev
2020/10/11 09:35:49 INFO [restartedMain] c.w.u.PathUtil [PathUtil.java:54] 操作系统---Windows 10
2020/10/11 09:35:49 INFO [restartedMain] c.w.u.PathUtil [PathUtil.java:55] 线程根路径---/C:/Users/lin/Desktop/%e5%9b%be%e4%b9%a6%e9%a6%86%e9%a2%84%e7%ba%a6%e9%a1%b9%e7%9b%ae/%e9%a1%b9%e7%9b%ae/aboot4/aboot-system/target/classes/
2020/10/11 09:35:49 INFO [restartedMain] c.w.u.PathUtil [PathUtil.java:56] 项目目录路径---C:\Users\lin\Desktop\图书馆预约项目\项目\aboot4
2020/10/11 09:35:49 INFO [restartedMain] c.w.u.PathUtil [PathUtil.java:61] 资源存储路径---D:\projectdev\aboot4\
2020/10/11 09:35:52 INFO [restartedMain] c.w.c.RedisConfig [RedisConfig.java:122] 初始化 -> [Redis CacheErrorHandler]
2020/10/11 09:35:55 INFO [restartedMain] c.w.m.s.e.PermissionListener [PermissionListener.java:95] 设置权限: RULE:all------卡券管理
2020/10/11 09:35:57 INFO [restartedMain] c.w.m.s.e.PermissionListener [PermissionListener.java:95] 设置权限: RULE:add------卡券创建
2020/10/11 09:35:57 INFO [restartedMain] c.w.m.s.e.PermissionListener [PermissionListener.java:95] 设置权限: RULE:edit------卡券编辑
2020/10/11 09:35:57 INFO [restartedMain] c.w.m.s.e.PermissionListener [PermissionListener.java:95] 设置权限: RULE:list------卡券查询
2020/10/11 09:35:57 INFO [restartedMain] c.w.m.s.e.PermissionListener [PermissionListener.java:95] 设置权限: RULE:del------卡券删除
2020/10/11 09:35:57 INFO [restartedMain] c.w.m.s.e.PermissionListener [PermissionListener.java:95] 设置权限: RULE:all------预约规则管理
2020/10/11 09:35:57 INFO [restartedMain] c.w.m.s.e.PermissionListener [PermissionListener.java:95] 设置权限: RULE:add------预约规则创建
2020/10/11 09:35:57 INFO [restartedMain] c.w.m.s.e.PermissionListener [PermissionListener.java:95] 设置权限: RULE:edit------预约规则编辑
2020/10/11 09:35:57 INFO [restartedMain] c.w.m.s.e.PermissionListener [PermissionListener.java:95] 设置权限: RULE:list------预约规则查询
2020/10/11 09:35:57 INFO [restartedMain] c.w.m.s.e.PermissionListener [PermissionListener.java:95] 设置权限: RULE:del------预约规则删除
2020/10/11 09:35:58 INFO [restartedMain] c.w.AbootRun [StartupInfoLogger.java:61] Started AbootRun in 33.503 seconds (JVM running for 37.61)
2020/10/11 09:35:58 INFO [restartedMain] c.w.AbootRun [AbootRun.java:38] link(接口文档):  http://localhost:8800/doc.html
2020/10/11 09:35:58 INFO [restartedMain] c.w.AbootRun [AbootRun.java:39] link(api导出):   http://localhost:8800/v2/api-docs
2020/10/11 10:57:02 INFO [restartedMain] c.w.AbootRun [StartupInfoLogger.java:55] Starting AbootRun on LAPTOP-6P4NQTEI with PID 1816 (C:\Users\lin\Desktop\图书馆预约项目\项目\aboot4\aboot-system\target\classes started by lin in C:\Users\lin\Desktop\图书馆预约项目\项目\aboot4)
2020/10/11 10:57:02 INFO [restartedMain] c.w.AbootRun [SpringApplication.java:655] The following profiles are active: dev
2020/10/11 10:57:24 INFO [restartedMain] c.w.u.PathUtil [PathUtil.java:54] 操作系统---Windows 10
2020/10/11 10:57:24 INFO [restartedMain] c.w.u.PathUtil [PathUtil.java:55] 线程根路径---/C:/Users/lin/Desktop/%e5%9b%be%e4%b9%a6%e9%a6%86%e9%a2%84%e7%ba%a6%e9%a1%b9%e7%9b%ae/%e9%a1%b9%e7%9b%ae/aboot4/aboot-system/target/classes/
2020/10/11 10:57:24 INFO [restartedMain] c.w.u.PathUtil [PathUtil.java:56] 项目目录路径---C:\Users\lin\Desktop\图书馆预约项目\项目\aboot4
2020/10/11 10:57:24 INFO [restartedMain] c.w.u.PathUtil [PathUtil.java:61] 资源存储路径---D:\projectdev\aboot4\
2020/10/11 10:57:26 INFO [restartedMain] c.w.c.RedisConfig [RedisConfig.java:122] 初始化 -> [Redis CacheErrorHandler]
2020/10/11 10:57:29 INFO [restartedMain] c.w.m.s.e.PermissionListener [PermissionListener.java:95] 设置权限: RULE:all------卡券管理
2020/10/11 10:57:30 INFO [restartedMain] c.w.m.s.e.PermissionListener [PermissionListener.java:95] 设置权限: RULE:add------卡券创建
2020/10/11 10:57:30 INFO [restartedMain] c.w.m.s.e.PermissionListener [PermissionListener.java:95] 设置权限: RULE:edit------卡券编辑
2020/10/11 10:57:30 INFO [restartedMain] c.w.m.s.e.PermissionListener [PermissionListener.java:95] 设置权限: RULE:list------卡券查询
2020/10/11 10:57:30 INFO [restartedMain] c.w.m.s.e.PermissionListener [PermissionListener.java:95] 设置权限: RULE:del------卡券删除
2020/10/11 10:57:30 INFO [restartedMain] c.w.m.s.e.PermissionListener [PermissionListener.java:95] 设置权限: RULE:all------预约规则管理
2020/10/11 10:57:30 INFO [restartedMain] c.w.m.s.e.PermissionListener [PermissionListener.java:95] 设置权限: RULE:add------预约规则创建
2020/10/11 10:57:30 INFO [restartedMain] c.w.m.s.e.PermissionListener [PermissionListener.java:95] 设置权限: RULE:edit------预约规则编辑
2020/10/11 10:57:30 INFO [restartedMain] c.w.m.s.e.PermissionListener [PermissionListener.java:95] 设置权限: RULE:list------预约规则查询
2020/10/11 10:57:30 INFO [restartedMain] c.w.m.s.e.PermissionListener [PermissionListener.java:95] 设置权限: RULE:del------预约规则删除
2020/10/11 10:57:31 INFO [restartedMain] c.w.AbootRun [StartupInfoLogger.java:61] Started AbootRun in 31.172 seconds (JVM running for 35.087)
2020/10/11 10:57:31 INFO [restartedMain] c.w.AbootRun [AbootRun.java:38] link(接口文档):  http://localhost:8800/doc.html
2020/10/11 10:57:31 INFO [restartedMain] c.w.AbootRun [AbootRun.java:39] link(api导出):   http://localhost:8800/v2/api-docs
